2025-02-23 22:32:04 - guardar_evento.php - linea 3 
2025-02-23 22:32:04 - guardar_evento.php - Hay conexion a la BD. 
2025-02-23 22:32:04 - guardar_evento.php - try - Ingrese. 
2025-02-23 22:32:04 - guardar_evento.php - Cedula: 1015457214 - Nombre :    GMoreno 
2025-02-23 22:32:04 - guardar_evento.php - star: 2025-02-24T13:00:00-03:00 - end    :    2025-02-24T14:00:00-03:00 
2025-02-23 22:36:08 - guardar_evento.php - linea 3 
2025-02-23 22:36:08 - guardar_evento.php - Hay conexion a la BD. 
2025-02-23 22:36:08 - guardar_evento.php - try - Ingrese. 
2025-02-23 22:36:08 - guardar_evento.php - Cedula: 1015457214 - Nombre :    Moncho 
2025-02-23 22:36:08 - guardar_evento.php - star: 2025-02-24T12:00:00-03:00 - end    :    2025-02-24T13:00:00-03:00 
2025-02-23 22:36:08 - guardar_evento.php - hora_start H:i :  
2025-02-23 22:39:45 - guardar_evento.php - linea 3 
2025-02-23 22:39:45 - guardar_evento.php - Hay conexion a la BD. 
2025-02-23 22:39:45 - guardar_evento.php - try - Ingrese. 
2025-02-23 22:39:45 - guardar_evento.php - Cedula: 1015457214 - Nombre :    GMota 
2025-02-23 22:39:45 - guardar_evento.php - star: 2025-02-24T12:00:00-03:00 - end    :    2025-02-24T13:00:00-03:00 
2025-02-23 22:39:45 - guardar_evento.php - hora_start H:i :  
2025-02-23 22:39:45 - guardar_evento.php - ini_startMatutina H:i : 11:00 - fin_startMatutina: 17:00 
2025-02-23 22:39:45 - guardar_evento.php - ini_startNocturna H:i : 19:00 - fin_startNocturna: 00:00 
2025-02-23 22:42:21 - guardar_evento.php - linea 3 
2025-02-23 22:42:21 - guardar_evento.php - Hay conexion a la BD. 
2025-02-23 22:42:21 - guardar_evento.php - try - Ingrese. 
2025-02-23 22:42:21 - guardar_evento.php - Cedula: 1015457214 - Nombre :    GMArio 
2025-02-23 22:42:21 - guardar_evento.php - star: 2025-02-24T13:00:00-03:00 - end    :    2025-02-24T14:00:00-03:00 
2025-02-23 22:44:45 - guardar_evento.php - linea 3 
2025-02-23 22:44:45 - guardar_evento.php - Hay conexion a la BD. 
2025-02-23 22:44:45 - guardar_evento.php - try - Ingrese. 
2025-02-23 22:44:45 - guardar_evento.php - Cedula: 1015457214 - Nombre :    aaaa 
2025-02-23 22:44:45 - guardar_evento.php - star: 2025-02-24T12:00:00-03:00 - end    :    2025-02-24T13:00:00-03:00 
2025-02-23 22:44:45 - guardar_evento.php - hora_start H:i :  
2025-02-23 22:44:45 - guardar_evento.php - ini_startMatutina H:i : 11:00 - fin_startMatutina: 17:00 
2025-02-23 22:44:45 - guardar_evento.php - ini_startNocturna H:i : 19:00 - fin_startNocturna: 00:00 
2025-02-23 22:46:01 - guardar_evento.php - linea 3 
2025-02-23 22:46:01 - guardar_evento.php - Hay conexion a la BD. 
2025-02-23 22:46:01 - guardar_evento.php - try - Ingrese. 
2025-02-23 22:46:01 - guardar_evento.php - Cedula: 1015457214 - Nombre :    aaaa 
2025-02-23 22:46:01 - guardar_evento.php - star: 2025-02-24T12:00:00-03:00 - end    :    2025-02-24T13:00:00-03:00 
2025-02-23 22:46:11 - guardar_evento.php - linea 3 
2025-02-23 22:46:11 - guardar_evento.php - Hay conexion a la BD. 
2025-02-23 22:46:11 - guardar_evento.php - try - Ingrese. 
2025-02-23 22:46:11 - guardar_evento.php - Cedula: 1015457214 - Nombre :    aaaa 
2025-02-23 22:46:11 - guardar_evento.php - star: 2025-02-24T11:00:00-03:00 - end    :    2025-02-24T12:00:00-03:00 
2025-02-23 22:52:24 - guardar_evento.php - linea 3 
2025-02-23 22:52:24 - guardar_evento.php - Hay conexion a la BD. 
2025-02-23 22:52:24 - guardar_evento.php - try - Ingrese. 
2025-02-23 22:52:24 - guardar_evento.php - Cedula: 1015457214 - Nombre :    GMOTa 
2025-02-23 22:52:24 - guardar_evento.php - star: 2025-02-24T13:00:00-03:00 - end    :    2025-02-24T14:00:00-03:00 
2025-02-23 23:04:54 - guardar_evento.php - linea 3 
2025-02-23 23:04:54 - guardar_evento.php - Hay conexion a la BD. 
2025-02-23 23:04:54 - guardar_evento.php - try - Ingrese. 
2025-02-23 23:04:54 - guardar_evento.php - Cedula: 1015457214 - Nombre :    GMoreno 
2025-02-23 23:04:54 - guardar_evento.php - star: 2025-02-24T20:00:00-03:00 - end    :    2025-02-24T21:00:00-03:00 
2025-02-23 23:04:54 - guardar_evento.php - hora_start H:i : 20:00 
2025-02-23 23:06:42 - guardar_evento.php - linea 3 
2025-02-23 23:06:42 - guardar_evento.php - Hay conexion a la BD. 
2025-02-23 23:06:42 - guardar_evento.php - try - Ingrese. 
2025-02-23 23:06:42 - guardar_evento.php - Cedula: 1015457214 - Nombre :    GAMT 
2025-02-23 23:06:42 - guardar_evento.php - star: 2025-02-24T21:00:00-03:00 - end    :    2025-02-24T22:00:00-03:00 
2025-02-23 23:06:42 - guardar_evento.php - hora_start H:i : 21:00 
2025-02-23 23:07:31 - guardar_evento.php - linea 3 
2025-02-23 23:07:31 - guardar_evento.php - Hay conexion a la BD. 
2025-02-23 23:07:31 - guardar_evento.php - try - Ingrese. 
2025-02-23 23:07:31 - guardar_evento.php - Cedula: 1015457214 - Nombre :    Gladiador 
2025-02-23 23:07:31 - guardar_evento.php - star: 2025-02-24T14:00:00-03:00 - end    :    2025-02-24T15:00:00-03:00 
2025-02-23 23:07:31 - guardar_evento.php - hora_start H:i : 14:00 
2025-02-23 23:07:31 - guardar_evento.php - hora_Minuto_Start H:i : 14:00 
2025-02-23 23:07:31 - guardar_evento.php - ini_startMatutina H:i : 11:00 - fin_startMatutina: 17:00 
2025-02-23 23:07:31 - guardar_evento.php - ini_startNocturna H:i : 19:00 - fin_startNocturna: 00:00 
