2025-02-25 00:01:13 - guardar_evento.php - linea 3 
2025-02-25 00:01:13 - guardar_evento.php - Hay conexion a la BD. 
2025-02-25 00:01:13 - guardar_evento.php - try - Ingrese. 
2025-02-25 00:01:13 - guardar_evento.php - hora_Minuto_Start H:i : 11:00 
2025-02-25 00:01:13 - guardar_evento.php Matutino - Sql : INSERT INTO events (ci, nombre, celular, title, description, url, start, end)
            VALUES ('101011111', '55555', '77777', 'aaa', '', '', '2025-02-24 11:00:00', '2025-02-25 16:59:00') 
2025-02-25 00:01:15 - guardar_evento.php - linea 3 
2025-02-25 00:01:15 - guardar_evento.php - Hay conexion a la BD. 
2025-02-25 00:01:15 - guardar_evento.php - try - Ingrese. 
2025-02-25 00:01:15 - guardar_evento.php - hora_Minuto_Start H:i : 11:00 
2025-02-25 00:01:15 - guardar_evento.php Matutino - Sql : INSERT INTO events (ci, nombre, celular, title, description, url, start, end)
            VALUES ('101011111', '55555', '77777', 'aaa', '', '', '2025-02-24 11:00:00', '2025-02-25 16:59:00') 
2025-02-25 00:01:16 - guardar_evento.php - linea 3 
2025-02-25 00:01:16 - guardar_evento.php - Hay conexion a la BD. 
2025-02-25 00:01:16 - guardar_evento.php - try - Ingrese. 
2025-02-25 00:01:16 - guardar_evento.php - hora_Minuto_Start H:i : 11:00 
2025-02-25 00:01:16 - guardar_evento.php Matutino - Sql : INSERT INTO events (ci, nombre, celular, title, description, url, start, end)
            VALUES ('101011111', '55555', '77777', 'aaa', '', '', '2025-02-24 11:00:00', '2025-02-25 16:59:00') 
2025-02-25 00:01:29 - guardar_evento.php - linea 3 
2025-02-25 00:01:29 - guardar_evento.php - Hay conexion a la BD. 
2025-02-25 00:01:29 - guardar_evento.php - try - Ingrese. 
2025-02-25 00:01:29 - guardar_evento.php - hora_Minuto_Start H:i : 11:00 
2025-02-25 00:01:29 - guardar_evento.php Matutino - Sql : INSERT INTO events (ci, nombre, celular, title, description, url, start, end)
            VALUES ('101545', '5555', '6666', '888', '', '', '2025-02-23 11:00:00', '2025-02-25 16:59:00') 
2025-02-25 00:01:58 - guardar_evento.php - linea 3 
2025-02-25 00:01:58 - guardar_evento.php - Hay conexion a la BD. 
2025-02-25 00:01:58 - guardar_evento.php - try - Ingrese. 
2025-02-25 00:01:58 - guardar_evento.php - hora_Minuto_Start H:i : 11:00 
2025-02-25 00:01:58 - guardar_evento.php Matutino - Sql : INSERT INTO events (ci, nombre, celular, title, description, url, start, end)
            VALUES ('101545', '5555', '66666', 'dddd', '', '', '2025-02-25 11:00:00', '2025-02-25 16:59:00') 
2025-02-25 00:07:57 - guardar_evento.php - linea 3 
2025-02-25 00:07:57 - guardar_evento.php - Hay conexion a la BD. 
2025-02-25 00:07:57 - guardar_evento.php - try - Ingrese. 
2025-02-25 00:07:57 - guardar_evento.php - hora_Minuto_Start H:i : 11:00 
2025-02-25 00:07:57 - guardar_evento.php Matutino - Sql : INSERT INTO events (ci, nombre, celular, title, description, url, start, end)
            VALUES ('1015457214', 'David Peckerman', '099103759', 'id 1500', '', '', '2025-02-24 11:00:00', '2025-02-25 16:59:00') 
2025-02-25 00:09:43 - guardar_evento.php - linea 3 
2025-02-25 00:09:43 - guardar_evento.php - Hay conexion a la BD. 
2025-02-25 00:09:43 - guardar_evento.php - try - Ingrese. 
2025-02-25 00:09:43 - guardar_evento.php - hora_Minuto_Start H:i : 11:00 
2025-02-25 00:09:43 - guardar_evento.php Matutino - Sql : INSERT INTO events (ci, nombre, celular, title, description, url, start, end)
            VALUES ('1015457214', 'GMO', '000009999', '13', '', '', '2025-02-24 11:00:00', '2025-02-25 16:59:00') 
2025-02-25 00:18:03 - guardar_evento.php - linea 3 
2025-02-25 00:18:03 - guardar_evento.php - Hay conexion a la BD. 
2025-02-25 00:18:03 - guardar_evento.php - try - Ingrese. 
2025-02-25 00:18:03 - guardar_evento.php - hora_Minuto_Start H:i : 11:00 
2025-02-25 00:18:03 - guardar_evento.php Matutino - Sql : INSERT INTO events (ci, nombre, celular, title, description, url, start, end)
            VALUES ('1015457214', 'Antonio Taranto', '099103769', 'id 769', '', '', '2025-02-24 11:00:00', '2025-02-25 16:59:00') 
2025-02-25 12:01:32 - inicio.php - linea 32 
2025-02-25 12:01:32 - inicio.php - linea 77 
2025-02-25 12:01:41 - inicio.php - linea 32 
2025-02-25 12:01:41 - inicio.php - linea 77 
2025-02-25 12:02:59 - guardar_evento.php - linea 3 
2025-02-25 12:02:59 - guardar_evento.php - Hay conexion a la BD. 
2025-02-25 12:02:59 - guardar_evento.php - try - Ingrese. 
2025-02-25 12:02:59 - guardar_evento.php - hora_Minuto_Start H:i : 11:00 
2025-02-25 12:02:59 - guardar_evento.php Matutino - Sql : INSERT INTO events (ci, nombre, celular, title, description, url, start, end)
            VALUES ('1015457214', 'Gabriel Moreno (MV Asesores SRL)', '099103769', 'MiCumpleaños', '', '', '2025-02-25 11:00:00', '2025-02-25 16:59:00') 
