index.php - linea 32 
index.php - linea 32 
index.php - linea 32 
leerUsuarios.php - Metodo: POST
leerUsuarios.php - Campo: ced Valor: 8899551144
leerUsuarios.php - Campo: nombre Valor: El Patito Feo
leerUsuarios.php - Campo: correo Valor: El Correo
leerUsuarios.php - Campo: accion Valor: MiAccion
leerUsuarios.php - Campo: ced esta cargado. 8899551144
leerUsuarios.php - C.I.:    8899551144
leerUsuarios.php - Nombre:  El Patito Feo Linea 37 
leerUsuarios.PHP - Correo:: El Correo
leerUsuarios.PHP - Correo:: 
leerUsuarios.php - INSERT into Usuarios (ci,password,nombre,email,id_rol,pago,activo, fecha_alta, fecha_edit, fecha_baja)
	  values(8899551144, 'eldiaquemequieras','El Patito Feo','El Correo', 'Usuario Común', null, '1', '2025-02-19 10:30:10', null, null); - Linea 66 
index.php - linea 32 
leerUsuarios.php - Metodo: POST
leerUsuarios.php - Campo: ced Valor: 8855224466
leerUsuarios.php - Campo: nombre Valor: El Patito Feo
leerUsuarios.php - Campo: correo Valor: El Correo
leerUsuarios.php - Campo: accion Valor: MiAccion
leerUsuarios.php - Campo: ced esta cargado. 8855224466
leerUsuarios.php - C.I.:    8855224466
leerUsuarios.php - Nombre:  El Patito Feo Linea 37 
leerUsuarios.PHP - Correo:: El Correo
leerUsuarios.PHP - Correo:: 
leerUsuarios.php - INSERT into Usuarios (ci,password,nombre,email,id_rol,pago,activo, fecha_alta, fecha_edit, fecha_baja)
	  values(8855224466, 'eldiaquemequieras','El Patito Feo','El Correo', 'Usuario Común', null, '1', '2025-02-19 10:32:13', null, null); - Linea 66 
index.php - linea 32 
leerUsuarios.php - Metodo: POST
leerUsuarios.php - Campo: ced Valor: 7894562222
leerUsuarios.php - Campo: nombre Valor: El Patito Feo
leerUsuarios.php - Campo: correo Valor: El Correo
leerUsuarios.php - Campo: accion Valor: MiAccion
leerUsuarios.php - Campo: ced esta cargado. 7894562222
leerUsuarios.php - C.I.:    7894562222
leerUsuarios.php - Nombre:  El Patito Feo Linea 37 
leerUsuarios.PHP - Correo:: El Correo
leerUsuarios.PHP - Correo:: 2025-02-19 10:33:43
leerUsuarios.php - INSERT into Usuarios (ci,password,nombre,email,id_rol,pago,activo, fecha_alta, fecha_edit, fecha_baja)
	  values(7894562222, 'eldiaquemequieras','El Patito Feo','El Correo', 'Usuario Común', null, '1', '2025-02-19 10:33:43', null, null); - Linea 66 
index.php - linea 32 
leerUsuarios.php - Metodo: POST
leerUsuarios.php - Campo: ced Valor: 12366578945
leerUsuarios.php - Campo: nombre Valor: El Patito Feo
leerUsuarios.php - Campo: correo Valor: El Correo
leerUsuarios.php - Campo: accion Valor: MiAccion
leerUsuarios.php - Campo: ced esta cargado. 12366578945
leerUsuarios.php - C.I.:    12366578945
leerUsuarios.php - Nombre:  El Patito Feo Linea 37 
leerUsuarios.PHP - Correo:: El Correo
leerUsuarios.PHP - Correo:: 2025-02-19 10:34:53
leerUsuarios.php - INSERT into Usuarios (ci,password,nombre,email,id_rol,pago,activo, fecha_alta, fecha_edit, fecha_baja)
	  values(12366578945, 'eldiaquemequieras','El Patito Feo','El Correo', 'Usuario Común', null, '1', '2025-02-19 10:34:53', null, null); - Linea 66 
index.php - linea 32 
leerUsuarios.php - Metodo: POST
leerUsuarios.php - Campo: ced Valor: 1020305070
leerUsuarios.php - Campo: nombre Valor: El Patito Feo
leerUsuarios.php - Campo: correo Valor: El Correo
leerUsuarios.php - Campo: accion Valor: MiAccion
leerUsuarios.php - Campo: ced esta cargado. 1020305070
leerUsuarios.php - C.I.:    1020305070
leerUsuarios.php - Nombre:  El Patito Feo Linea 37 
leerUsuarios.PHP - Correo:: El Correo
leerUsuarios.PHP - Cedula No Existe: 1020305070
leerUsuarios.PHP - Fecha: 2025-02-19 10:39:34
leerUsuarios.php - INSERT into Usuarios (ci,password,nombre,email,id_rol,pago,activo, fecha_alta, fecha_edit, fecha_baja)
	  values(1020305070, 'eldiaquemequieras','El Patito Feo','El Correo', 'Usuario Común', null, '1', '2025-02-19 10:39:34', null, null); - Linea 66 
index.php - linea 32 
leerUsuarios.php - Metodo: POST
leerUsuarios.php - Campo: ced Valor: 8877992200
leerUsuarios.php - Campo: nombre Valor: El Patito Feo
leerUsuarios.php - Campo: correo Valor: El Correo
leerUsuarios.php - Campo: accion Valor: MiAccion
leerUsuarios.php - Campo: ced esta cargado. 8877992200
leerUsuarios.php - C.I.:    8877992200
leerUsuarios.php - Nombre:  El Patito Feo Linea 37 
leerUsuarios.PHP - Correo:: El Correo
leerUsuarios.PHP - Cedula No Existe: 8877992200
leerUsuarios.PHP - Fecha: 2025-02-19 10:42:20
leerUsuarios.php - INSERT into Usuarios (ci,password,nombre,email,id_rol,pago,activo, fecha_alta, fecha_edit, fecha_baja)
	  values(8877992200, 'eldiaquemequieras','El Patito Feo','El Correo', 'Usuario Común', null, '1', '2025-02-19 10:42:20', null, null); - Linea 66 
index.php - linea 32 
leerUsuarios.php - Metodo: POST
leerUsuarios.php - Campo: ced Valor: 5511335588
leerUsuarios.php - Campo: nombre Valor: El Patito Feo
leerUsuarios.php - Campo: correo Valor: El Correo
leerUsuarios.php - Campo: accion Valor: MiAccion
leerUsuarios.php - Campo: ced esta cargado. 5511335588
leerUsuarios.php - C.I.:    5511335588
leerUsuarios.php - Nombre:  El Patito Feo Linea 37 
leerUsuarios.PHP - Correo:: El Correo
leerUsuarios.PHP - Cedula No Existe: 5511335588
leerUsuarios.PHP - Fecha: 2025-02-19 10:43:35
leerUsuarios.php - INSERT into Usuarios (ci,password,nombre,email,id_rol,pago,activo, fecha_alta, fecha_edit, fecha_baja)
	  values(5511335588, 'eldiaquemequieras','El Patito Feo','El Correo', 'Usuario Común', null, '1', '2025-02-19 10:43:35', null, null); - Linea 66 
index.php - linea 32 
leerUsuarios.php - Metodo: POST
leerUsuarios.php - Campo: ced Valor: 779955221100
leerUsuarios.php - Campo: nombre Valor: El Patito Feo
leerUsuarios.php - Campo: correo Valor: El Correo
leerUsuarios.php - Campo: accion Valor: MiAccion
leerUsuarios.php - Campo: ced esta cargado. 779955221100
leerUsuarios.php - C.I.:    779955221100
leerUsuarios.php - Nombre:  El Patito Feo Linea 37 
leerUsuarios.PHP - Correo:: El Correo
leerUsuarios.PHP - Cedula No Existe: 779955221100
leerUsuarios.PHP - Fecha: 2025-02-19 10:44:03
leerUsuarios.php - INSERT into Usuarios (ci,password,nombre,email,id_rol,pago,activo, fecha_alta, fecha_edit, fecha_baja)
	  values(779955221100, 'eldiaquemequieras','El Patito Feo','El Correo', 'Usuario Común', null, '1', '2025-02-19 10:44:03', null, null); - Linea 66 
index.php - linea 32 
leerUsuarios.php - Metodo: POST
leerUsuarios.php - Campo: ced Valor: 8818384655
leerUsuarios.php - Campo: nombre Valor: El Patito Feo
leerUsuarios.php - Campo: correo Valor: El Correo
leerUsuarios.php - Campo: accion Valor: MiAccion
leerUsuarios.php - Campo: ced esta cargado. 8818384655
leerUsuarios.php - C.I.:    8818384655
leerUsuarios.php - Nombre:  El Patito Feo Linea 37 
leerUsuarios.PHP - Correo:: El Correo
leerUsuarios.PHP - Cedula No Existe: 8818384655
leerUsuarios.PHP - Fecha: 2025-02-19 11:00:39
index.php - linea 32 
tipoSangre.php - Linea 7
tipoSangre.php - SELECT id_tipo,tipo_sangre FROM sangre 
comprobarcedula.php - Linea 7 
leerUsuarios.php - Metodo: POST
leerUsuarios.php - Campo: ced Valor: 4565566888
leerUsuarios.php - Campo: nombre Valor: El Patito Feo
leerUsuarios.php - Campo: correo Valor: El Correo
leerUsuarios.php - Campo: accion Valor: MiAccion
leerUsuarios.php - Campo: ced esta cargado. 4565566888
leerUsuarios.php - C.I.:    4565566888
leerUsuarios.php - Nombre:  El Patito Feo Linea 37 
leerUsuarios.PHP - Correo:: El Correo
leerUsuarios.PHP - Cedula No Existe: 4565566888
leerUsuarios.PHP - Fecha: 2025-02-19 11:03:22
index.php - linea 32 
tipoSangre.php - Linea 7
tipoSangre.php - SELECT id_tipo,tipo_sangre FROM sangre 
comprobarcedula.php - Linea 7 
leerUsuarios.php - Metodo: POST
leerUsuarios.php - Campo: ced Valor: 4556657890
leerUsuarios.php - Campo: nombre Valor: El Patito Feo
leerUsuarios.php - Campo: correo Valor: El Correo
leerUsuarios.php - Campo: accion Valor: MiAccion
leerUsuarios.php - Campo: ced esta cargado. 4556657890
leerUsuarios.php - C.I.:    4556657890
leerUsuarios.php - Nombre:  El Patito Feo Linea 37 
leerUsuarios.PHP - Correo:: El Correo
leerUsuarios.PHP - Cedula No Existe: 4556657890
leerUsuarios.PHP - Fecha: 2025-02-19 11:07:03
index.php - linea 32 
tipoSangre.php - Linea 7
tipoSangre.php - SELECT id_tipo,tipo_sangre FROM sangre 
comprobarcedula.php - Linea 7 
leerUsuarios.php - Metodo: POST
leerUsuarios.php - Campo: ced Valor: 7788995555
leerUsuarios.php - Campo: nombre Valor: El Patito Feo
leerUsuarios.php - Campo: correo Valor: El Correo
leerUsuarios.php - Campo: accion Valor: MiAccion
leerUsuarios.php - Campo: ced esta cargado. 7788995555
leerUsuarios.php - C.I.:    7788995555
leerUsuarios.php - Nombre:  El Patito Feo Linea 37 
leerUsuarios.PHP - Correo:: El Correo
leerUsuarios.PHP - Cedula No Existe: 7788995555
leerUsuarios.PHP - Fecha: 2025-02-19 11:09:49
index.php - linea 32 
tipoSangre.php - Linea 7
tipoSangre.php - SELECT id_tipo,tipo_sangre FROM sangre 
comprobarcedula.php - Linea 7 
leerUsuarios.php - Metodo: POST
leerUsuarios.php - Campo: ced Valor: 7788995555
leerUsuarios.php - Campo: nombre Valor: El Patito Feo
leerUsuarios.php - Campo: correo Valor: El Correo
leerUsuarios.php - Campo: accion Valor: MiAccion
leerUsuarios.php - Campo: ced esta cargado. 7788995555
leerUsuarios.php - C.I.:    7788995555
leerUsuarios.php - Nombre:  El Patito Feo Linea 37 
leerUsuarios.PHP - Correo:: El Correo
leerUsuarios.PHP - Cedula No Existe: 7788995555
leerUsuarios.PHP - Fecha: 2025-02-19 11:10:50
index.php - linea 32 
tipoSangre.php - Linea 7
tipoSangre.php - SELECT id_tipo,tipo_sangre FROM sangre 
comprobarcedula.php - Linea 7 
leerUsuarios.php - Metodo: POST
leerUsuarios.php - Campo: ced Valor: 7788995555
leerUsuarios.php - Campo: nombre Valor: El Patito Feo
leerUsuarios.php - Campo: correo Valor: El Correo
leerUsuarios.php - Campo: accion Valor: MiAccion
leerUsuarios.php - Campo: ced esta cargado. 7788995555
leerUsuarios.php - C.I.:    7788995555
leerUsuarios.php - Nombre:  El Patito Feo Linea 37 
leerUsuarios.PHP - Correo:: El Correo
leerUsuarios.PHP - Cedula No Existe: 7788995555
leerUsuarios.PHP - Fecha: 2025-02-19 11:15:30
index.php - linea 32 
tipoSangre.php - Linea 7
tipoSangre.php - SELECT id_tipo,tipo_sangre FROM sangre 
comprobarcedula.php - Linea 7 
leerUsuarios.php - Metodo: POST
leerUsuarios.php - Campo: ced Valor: 7788995555
leerUsuarios.php - Campo: nombre Valor: El Patito Feo
leerUsuarios.php - Campo: correo Valor: El Correo
leerUsuarios.php - Campo: accion Valor: MiAccion
leerUsuarios.php - Campo: ced esta cargado. 7788995555
leerUsuarios.php - C.I.:    7788995555
leerUsuarios.php - Nombre:  El Patito Feo Linea 37 
leerUsuarios.PHP - Correo:: El Correo
leerUsuarios.PHP - Cedula No Existe: 7788995555
leerUsuarios.PHP - Fecha: 2025-02-19 11:20:37
index.php - linea 32 
tipoSangre.php - Linea 7
tipoSangre.php - SELECT id_tipo,tipo_sangre FROM sangre 
index.php - linea 32 
tipoSangre.php - Linea 7
tipoSangre.php - SELECT id_tipo,tipo_sangre FROM sangre 
comprobarcedula.php - Linea 7 
leerUsuarios.php - Metodo: POST
leerUsuarios.php - Campo: ced Valor: 7788559900
leerUsuarios.php - Campo: nombre Valor: El Patito Feo
leerUsuarios.php - Campo: correo Valor: El Correo
leerUsuarios.php - Campo: accion Valor: MiAccion
leerUsuarios.php - Campo: ced esta cargado. 7788559900
leerUsuarios.php - C.I.:    7788559900
leerUsuarios.php - Nombre:  El Patito Feo Linea 37 
leerUsuarios.PHP - Correo:: El Correo
leerUsuarios.PHP - Cedula No Existe: 7788559900
leerUsuarios.PHP - Fecha: 2025-02-19 11:22:48
index.php - linea 32 
tipoSangre.php - Linea 7
tipoSangre.php - SELECT id_tipo,tipo_sangre FROM sangre 
comprobarcedula.php - Linea 7 
leerUsuarios.php - Metodo: POST
leerUsuarios.php - Campo: ced Valor: 7788559900
leerUsuarios.php - Campo: nombre Valor: El Patito Feo
leerUsuarios.php - Campo: correo Valor: El Correo
leerUsuarios.php - Campo: accion Valor: MiAccion
leerUsuarios.php - Campo: ced esta cargado. 7788559900
leerUsuarios.php - C.I.:    7788559900
leerUsuarios.php - Nombre:  El Patito Feo Linea 37 
leerUsuarios.PHP - Correo:: El Correo
leerUsuarios.PHP - Cedula No Existe: 7788559900
leerUsuarios.PHP - Fecha: 2025-02-19 11:25:01
index.php - linea 32 
tipoSangre.php - Linea 7
tipoSangre.php - SELECT id_tipo,tipo_sangre FROM sangre 
comprobarcedula.php - Linea 7 
leerUsuarios.php - Metodo: POST
leerUsuarios.php - Campo: ced Valor: 1155993355
leerUsuarios.php - Campo: nombre Valor: El Patito Feo
leerUsuarios.php - Campo: correo Valor: El Correo
leerUsuarios.php - Campo: accion Valor: MiAccion
leerUsuarios.php - Campo: ced esta cargado. 1155993355
leerUsuarios.php - C.I.:    1155993355
leerUsuarios.php - Nombre:  El Patito Feo Linea 37 
leerUsuarios.PHP - Correo:: El Correo
leerUsuarios.PHP - Cedula No Existe: 1155993355
leerUsuarios.PHP - Fecha: 2025-02-19 11:27:54
index.php - linea 32 
tipoSangre.php - Linea 7
tipoSangre.php - SELECT id_tipo,tipo_sangre FROM sangre 
comprobarcedula.php - Linea 7 
leerUsuarios.php - Metodo: POST
leerUsuarios.php - Campo: ced Valor: 1155993355
leerUsuarios.php - Campo: nombre Valor: El Patito Feo
leerUsuarios.php - Campo: correo Valor: El Correo
leerUsuarios.php - Campo: accion Valor: MiAccion
leerUsuarios.php - Campo: ced esta cargado. 1155993355
leerUsuarios.php - C.I.:    1155993355
leerUsuarios.php - Nombre:  El Patito Feo Linea 37 
leerUsuarios.PHP - Correo:: El Correo
leerUsuarios.PHP - Cedula No Existe: 1155993355
leerUsuarios.PHP - Fecha: 2025-02-19 11:36:15
index.php - linea 32 
tipoSangre.php - Linea 7
tipoSangre.php - SELECT id_tipo,tipo_sangre FROM sangre 
comprobarcedula.php - Linea 7 
leerUsuarios.php - Metodo: POST
leerUsuarios.php - Campo: ced Valor: 1155993355
leerUsuarios.php - Campo: nombre Valor: El Patito Feo
leerUsuarios.php - Campo: correo Valor: El Correo
leerUsuarios.php - Campo: accion Valor: MiAccion
leerUsuarios.php - Campo: ced esta cargado. 1155993355
leerUsuarios.php - C.I.:    1155993355
leerUsuarios.php - Nombre:  El Patito Feo Linea 37 
leerUsuarios.PHP - Correo:: El Correo
leerUsuarios.PHP - Cedula No Existe: 1155993355
leerUsuarios.PHP - Fecha: 2025-02-19 11:42:20
index.php - linea 32 
tipoSangre.php - Linea 7
tipoSangre.php - SELECT id_tipo,tipo_sangre FROM sangre 
index.php - linea 32 
tipoSangre.php - Linea 7
tipoSangre.php - SELECT id_tipo,tipo_sangre FROM sangre 
leerUsuarios.php - Metodo: POST
leerUsuarios.php - Campo: ced Valor: 45612378955
leerUsuarios.php - Campo: nombre Valor: El Patito Feo
leerUsuarios.php - Campo: correo Valor: El Correo
leerUsuarios.php - Campo: accion Valor: MiAccion
leerUsuarios.php - Campo: ced esta cargado. 45612378955
leerUsuarios.php - C.I.:    45612378955
leerUsuarios.php - Nombre:  El Patito Feo Linea 37 
leerUsuarios.PHP - Correo:: El Correo
leerUsuarios.PHP - Cedula No Existe: 45612378955
leerUsuarios.PHP - Fecha: 2025-02-19 11:47:58
index.php - linea 32 
tipoSangre.php - Linea 7
tipoSangre.php - SELECT id_tipo,tipo_sangre FROM sangre 
